-source
1.4
-classpath
/home/boxl/.m2/repository/aspectj/aspectjrt/1.5.3/aspectjrt-1.5.3.jar:/home/boxl/.m2/repository/batik/batik-awt-util/1.6/batik-awt-util-1.6.jar:/home/boxl/.m2/repository/batik/batik-dom/1.6/batik-dom-1.6.jar:/home/boxl/.m2/repository/batik/batik-svggen/1.6/batik-svggen-1.6.jar:/home/boxl/.m2/repository/batik/batik-util/1.6/batik-util-1.6.jar:/home/boxl/.m2/repository/jdo/jdo/2.0-beta/jdo-2.0-beta.jar:/home/boxl/JHot/AJHotDraw/target/classes
-d
/home/boxl/JHot/AJHotDraw/target/classes
/home/boxl/JHot/AJHotDraw/src/aspects/org/jhotdraw/contrib/SplitPaneDesktop.java
/home/boxl/JHot/AJHotDraw/src/aspects/org/jhotdraw/ccconcerns/commands/undo/CommandUndo.aj
/home/boxl/JHot/AJHotDraw/src/aspects/org/jhotdraw/util/collections/jdk12/CollectionsFactoryJDK12.java
/home/boxl/JHot/AJHotDraw/src/aspects/org/jhotdraw/samples/javadraw/MySelectionTool.java
/home/boxl/JHot/AJHotDraw/src/aspects/org/jhotdraw/standard/ChangeConnectionHandle.java
/home/boxl/JHot/AJHotDraw/src/aspects/org/jhotdraw/contrib/DiamondFigure.java
/home/boxl/JHot/AJHotDraw/src/aspects/org/jhotdraw/contrib/html/StandardDisposableResourceManager.java
/home/boxl/JHot/AJHotDraw/src/aspects/org/jhotdraw/standard/AbstractHandle.java
/home/boxl/JHot/AJHotDraw/src/aspects/org/jhotdraw/contrib/TriangleRotationHandle.java
/home/boxl/JHot/AJHotDraw/src/aspects/org/jhotdraw/figures/RoundRectangleFigure.java
/home/boxl/JHot/AJHotDraw/src/aspects/org/jhotdraw/standard/CutCommand.java
/home/boxl/JHot/AJHotDraw/src/aspects/org/jhotdraw/contrib/PolygonScaleHandle.java
/home/boxl/JHot/AJHotDraw/src/aspects/org/jhotdraw/standard/OffsetLocator.java
/home/boxl/JHot/AJHotDraw/src/aspects/org/jhotdraw/util/CommandListener.java
/home/boxl/JHot/AJHotDraw/src/aspects/org/jhotdraw/framework/FigureAttributeConstant.java
/home/boxl/JHot/AJHotDraw/src/aspects/org/jhotdraw/standard/OrderedFigureElement.java
/home/boxl/JHot/AJHotDraw/src/aspects/org/jhotdraw/util/ReverseListEnumerator.java
/home/boxl/JHot/AJHotDraw/src/aspects/org/jhotdraw/samples/nothing/NothingApplet.java
/home/boxl/JHot/AJHotDraw/src/aspects/org/jhotdraw/application/DrawApplication.java
/home/boxl/JHot/AJHotDraw/src/aspects/org/jhotdraw/figures/FontSizeHandle.java
/home/boxl/JHot/AJHotDraw/src/aspects/org/jhotdraw/contrib/html/AttributeContentProducerContext.java
/home/boxl/JHot/AJHotDraw/src/aspects/org/jhotdraw/util/Clipboard.java
/home/boxl/JHot/AJHotDraw/src/aspects/org/jhotdraw/framework/JHotDrawException.java
/home/boxl/JHot/AJHotDraw/src/aspects/org/jhotdraw/contrib/html/URLContentProducer.java
/home/boxl/JHot/AJHotDraw/src/aspects/org/jhotdraw/contrib/html/HTMLContentProducer.java
/home/boxl/JHot/AJHotDraw/src/aspects/org/jhotdraw/ccconcerns/figures/persistence/StorableImplementationAspect.aj
/home/boxl/JHot/AJHotDraw/src/aspects/org/jhotdraw/standard/SingleFigureEnumerator.java
/home/boxl/JHot/AJHotDraw/src/aspects/org/jhotdraw/samples/pert/PertFigure.java
/home/boxl/JHot/AJHotDraw/src/aspects/org/jhotdraw/contrib/Layoutable.java
/home/boxl/JHot/AJHotDraw/src/aspects/org/jhotdraw/util/CommandChoice.java
/home/boxl/JHot/AJHotDraw/src/aspects/org/jhotdraw/figures/PolyLineConnector.java
/home/boxl/JHot/AJHotDraw/src/aspects/org/jhotdraw/standard/GridConstrainer.java
/home/boxl/JHot/AJHotDraw/src/aspects/org/jhotdraw/samples/javadraw/JavaDrawApplet.java
/home/boxl/JHot/AJHotDraw/src/aspects/org/jhotdraw/util/collections/jdk11/SetWrapper.java
/home/boxl/JHot/AJHotDraw/src/aspects/org/jhotdraw/ccconcerns/figures/persistence/PersistentPolyLineFigure.aj
/home/boxl/JHot/AJHotDraw/src/aspects/org/jhotdraw/ccconcerns/figures/persistence/PersistentFigure.aj
/home/boxl/JHot/AJHotDraw/src/aspects/org/jhotdraw/util/UndoableTool.java
/home/boxl/JHot/AJHotDraw/src/aspects/org/jhotdraw/figures/PolyLineHandle.java
/home/boxl/JHot/AJHotDraw/src/aspects/org/jhotdraw/standard/FastBufferedUpdateStrategy.java
/home/boxl/JHot/AJHotDraw/src/aspects/org/jhotdraw/samples/minimap/MiniMapDesktop.java
/home/boxl/JHot/AJHotDraw/src/aspects/org/jhotdraw/ccconcerns/tools/undo/ScribbleToolUndo.aj
/home/boxl/JHot/AJHotDraw/src/aspects/org/jhotdraw/standard/NullTool.java
/home/boxl/JHot/AJHotDraw/src/aspects/org/jhotdraw/contrib/html/EllipseFigureGeometricAdapter.java
/home/boxl/JHot/AJHotDraw/src/aspects/org/jhotdraw/standard/ChangeConnectionStartHandle.java
/home/boxl/JHot/AJHotDraw/src/aspects/org/jhotdraw/figures/ChopEllipseConnector.java
/home/boxl/JHot/AJHotDraw/src/aspects/org/jhotdraw/figures/BorderDecorator.java
/home/boxl/JHot/AJHotDraw/src/aspects/org/jhotdraw/contrib/html/DisposableResourceManager.java
/home/boxl/JHot/AJHotDraw/src/aspects/org/jhotdraw/standard/NullPainter.java
/home/boxl/JHot/AJHotDraw/src/aspects/org/jhotdraw/ccconcerns/commands/undo/PasteCommandUndo.aj
/home/boxl/JHot/AJHotDraw/src/aspects/org/jhotdraw/util/Animatable.java
/home/boxl/JHot/AJHotDraw/src/aspects/org/jhotdraw/contrib/html/HTMLColorContentProducer.java
/home/boxl/JHot/AJHotDraw/src/aspects/org/jhotdraw/framework/ToolListener.java
/home/boxl/JHot/AJHotDraw/src/aspects/org/jhotdraw/standard/ReverseFigureEnumerator.java
/home/boxl/JHot/AJHotDraw/src/aspects/org/jhotdraw/contrib/PopupMenuFigureSelection.java
/home/boxl/JHot/AJHotDraw/src/aspects/org/jhotdraw/util/PaletteIcon.java
/home/boxl/JHot/AJHotDraw/src/aspects/org/jhotdraw/ccconcerns/figures/figureselectionobserver/FigureSelectionSubjectRole.aj
/home/boxl/JHot/AJHotDraw/src/aspects/org/jhotdraw/ccconcerns/figures/persistence/PersistentDrawing.aj
/home/boxl/JHot/AJHotDraw/src/aspects/org/jhotdraw/util/UndoableHandle.java
/home/boxl/JHot/AJHotDraw/src/aspects/org/jhotdraw/contrib/AutoscrollHelper.java
/home/boxl/JHot/AJHotDraw/src/aspects/org/jhotdraw/ccconcerns/tools/undo/CreationToolUndo.aj
/home/boxl/JHot/AJHotDraw/src/aspects/org/jhotdraw/contrib/ChopDiamondConnector.java
/home/boxl/JHot/AJHotDraw/src/aspects/org/jhotdraw/ccconcerns/figures/persistence/PersistentConnectors.aj
/home/boxl/JHot/AJHotDraw/src/aspects/org/jhotdraw/util/StorableInput.java
/home/boxl/JHot/AJHotDraw/src/aspects/org/jhotdraw/framework/DrawingEditor.java
/home/boxl/JHot/AJHotDraw/src/aspects/org/jhotdraw/ccconcerns/figures/persistence/PersistentAttributeFigure.aj
/home/boxl/JHot/AJHotDraw/src/aspects/org/jhotdraw/figures/GroupCommand.java
/home/boxl/JHot/AJHotDraw/src/aspects/org/jhotdraw/contrib/html/HTMLTextAreaTool.java
/home/boxl/JHot/AJHotDraw/src/aspects/org/jhotdraw/contrib/dnd/DNDInterface.java
/home/boxl/JHot/AJHotDraw/src/aspects/org/jhotdraw/contrib/Helper.java
/home/boxl/JHot/AJHotDraw/src/aspects/org/jhotdraw/util/UndoManager.java
/home/boxl/JHot/AJHotDraw/src/aspects/org/jhotdraw/contrib/html/FigureDataContentProducer.java
/home/boxl/JHot/AJHotDraw/src/aspects/org/jhotdraw/contrib/html/DisposableResourceManagerFactory.java
/home/boxl/JHot/AJHotDraw/src/aspects/org/jhotdraw/samples/pert/PertDependency.java
/home/boxl/JHot/AJHotDraw/src/aspects/org/jhotdraw/framework/FigureVisitor.java
/home/boxl/JHot/AJHotDraw/src/aspects/org/jhotdraw/ccconcerns/commands/CommandAspectsOrdering.aj
/home/boxl/JHot/AJHotDraw/src/aspects/org/jhotdraw/ccconcerns/commands/undo/AlignCommandUndo.aj
/home/boxl/JHot/AJHotDraw/src/aspects/org/jhotdraw/standard/FigureChangeEventMulticaster.java
/home/boxl/JHot/AJHotDraw/src/aspects/org/jhotdraw/samples/pert/PertApplication.java
/home/boxl/JHot/AJHotDraw/src/aspects/org/jhotdraw/contrib/CTXCommandMenu.java
/home/boxl/JHot/AJHotDraw/src/aspects/org/jhotdraw/standard/ToolButton.java
/home/boxl/JHot/AJHotDraw/src/aspects/org/jhotdraw/framework/PointConstrainer.java
/home/boxl/JHot/AJHotDraw/src/aspects/org/jhotdraw/figures/FigureAttributes.java
/home/boxl/JHot/AJHotDraw/src/aspects/org/jhotdraw/contrib/DesktopEvent.java
/home/boxl/JHot/AJHotDraw/src/aspects/org/jhotdraw/ccconcerns/handles/undo/ConnectionHandleUndo.aj
/home/boxl/JHot/AJHotDraw/src/aspects/org/jhotdraw/framework/FigureChangeEvent.java
/home/boxl/JHot/AJHotDraw/src/aspects/org/jhotdraw/contrib/MDIDesktopPane.java
/home/boxl/JHot/AJHotDraw/src/aspects/org/jhotdraw/ccconcerns/figures/persistence/PersistentImageFigure.aj
/home/boxl/JHot/AJHotDraw/src/aspects/org/jhotdraw/util/JDOStorageFormat.java
/home/boxl/JHot/AJHotDraw/src/aspects/org/jhotdraw/standard/RelativeLocator.java
/home/boxl/JHot/AJHotDraw/src/aspects/org/jhotdraw/framework/DrawingView.java
/home/boxl/JHot/AJHotDraw/src/aspects/org/jhotdraw/contrib/JPanelDesktop.java
/home/boxl/JHot/AJHotDraw/src/aspects/org/jhotdraw/standard/AbstractCommand.java
/home/boxl/JHot/AJHotDraw/src/aspects/org/jhotdraw/ccconcerns/commands/undo/ChangeAttributeCommandUndo.aj
/home/boxl/JHot/AJHotDraw/src/aspects/org/jhotdraw/figures/ScribbleTool.java
/home/boxl/JHot/AJHotDraw/src/aspects/org/jhotdraw/util/Geom.java
/home/boxl/JHot/AJHotDraw/src/aspects/org/jhotdraw/ccconcerns/tools/undo/PolygonToolUndo.aj
/home/boxl/JHot/AJHotDraw/src/aspects/org/jhotdraw/contrib/html/TriangleFigureGeometricAdapter.java
/home/boxl/JHot/AJHotDraw/src/aspects/org/jhotdraw/figures/ShortestDistanceConnector.java
/home/boxl/JHot/AJHotDraw/src/aspects/org/jhotdraw/ccconcerns/commands/UndoableCommand.aj
/home/boxl/JHot/AJHotDraw/src/aspects/org/jhotdraw/contrib/TextAreaFigure.java
/home/boxl/JHot/AJHotDraw/src/aspects/org/jhotdraw/figures/TextTool.java
/home/boxl/JHot/AJHotDraw/src/aspects/org/jhotdraw/standard/ChangeAttributeCommand.java
/home/boxl/JHot/AJHotDraw/src/aspects/org/jhotdraw/figures/GroupFigure.java
/home/boxl/JHot/AJHotDraw/src/aspects/org/jhotdraw/standard/ConnectionHandle.java
/home/boxl/JHot/AJHotDraw/src/aspects/org/jhotdraw/util/UndoCommand.java
/home/boxl/JHot/AJHotDraw/src/aspects/org/jhotdraw/contrib/zoom/ZoomAreaTracker.java
/home/boxl/JHot/AJHotDraw/src/aspects/org/jhotdraw/framework/JHotDrawRuntimeException.java
/home/boxl/JHot/AJHotDraw/src/aspects/org/jhotdraw/standard/AWTCursor.java
/home/boxl/JHot/AJHotDraw/src/aspects/org/jhotdraw/samples/pert/PertFigureCreationTool.java
/home/boxl/JHot/AJHotDraw/src/aspects/org/jhotdraw/standard/FigureEnumerator.java
/home/boxl/JHot/AJHotDraw/src/aspects/org/jhotdraw/figures/NullConnector.java
/home/boxl/JHot/AJHotDraw/src/aspects/org/jhotdraw/standard/InsertIntoDrawingVisitor.java
/home/boxl/JHot/AJHotDraw/src/aspects/org/jhotdraw/util/collections/jdk11/IteratorWrapper.java
/home/boxl/JHot/AJHotDraw/src/aspects/org/jhotdraw/contrib/html/ContentProducer.java
/home/boxl/JHot/AJHotDraw/src/aspects/org/jhotdraw/contrib/dnd/DragNDropTool.java
/home/boxl/JHot/AJHotDraw/src/aspects/org/jhotdraw/util/PaletteLayout.java
/home/boxl/JHot/AJHotDraw/src/aspects/org/jhotdraw/ccconcerns/figures/persistence/PersistentLocators.aj
/home/boxl/JHot/AJHotDraw/src/aspects/org/jhotdraw/contrib/ChopPolygonConnector.java
/home/boxl/JHot/AJHotDraw/src/aspects/org/jhotdraw/contrib/SimpleLayouter.java
/home/boxl/JHot/AJHotDraw/src/aspects/org/jhotdraw/figures/PolyLineFigure.java
/home/boxl/JHot/AJHotDraw/src/aspects/org/jhotdraw/standard/AbstractFigure.java
/home/boxl/JHot/AJHotDraw/src/aspects/org/jhotdraw/standard/BoxHandleKit.java
/home/boxl/JHot/AJHotDraw/src/aspects/org/jhotdraw/standard/DecoratorFigure.java
/home/boxl/JHot/AJHotDraw/src/aspects/org/jhotdraw/standard/CreationTool.java
/home/boxl/JHot/AJHotDraw/src/aspects/org/jhotdraw/contrib/html/ResourceDisposabilityStrategy.java
/home/boxl/JHot/AJHotDraw/src/aspects/org/jhotdraw/framework/Figure.java
/home/boxl/JHot/AJHotDraw/src/aspects/org/jhotdraw/standard/PasteCommand.java
/home/boxl/JHot/AJHotDraw/src/aspects/org/jhotdraw/ccconcerns/commands/CommandContracts.aj
/home/boxl/JHot/AJHotDraw/src/aspects/org/jhotdraw/framework/DrawingChangeListener.java
/home/boxl/JHot/AJHotDraw/src/aspects/org/jhotdraw/contrib/html/StandardDisposableResourceHolder.java
/home/boxl/JHot/AJHotDraw/src/aspects/org/jhotdraw/util/StorableOutput.java
/home/boxl/JHot/AJHotDraw/src/aspects/org/jhotdraw/standard/NullDrawingView.java
/home/boxl/JHot/AJHotDraw/src/aspects/org/jhotdraw/standard/CompositeFigure.java
/home/boxl/JHot/AJHotDraw/src/aspects/org/jhotdraw/contrib/html/ColorContentProducer.java
/home/boxl/JHot/AJHotDraw/src/aspects/org/jhotdraw/util/SerializationStorageFormat.java
/home/boxl/JHot/AJHotDraw/src/aspects/org/jhotdraw/standard/StandardDrawingView.java
/home/boxl/JHot/AJHotDraw/src/aspects/org/jhotdraw/samples/pert/PertApplet.java
/home/boxl/JHot/AJHotDraw/src/aspects/org/jhotdraw/ccconcerns/figures/persistence/PersistentLayouters.aj
/home/boxl/JHot/AJHotDraw/src/aspects/org/jhotdraw/contrib/ClippingUpdateStrategy.java
/home/boxl/JHot/AJHotDraw/src/aspects/org/jhotdraw/contrib/dnd/JHDDragSourceListener.java
/home/boxl/JHot/AJHotDraw/src/aspects/org/jhotdraw/contrib/html/TextHolderContentProducer.java
/home/boxl/JHot/AJHotDraw/src/aspects/org/jhotdraw/util/StorageFormat.java
/home/boxl/JHot/AJHotDraw/src/aspects/org/jhotdraw/contrib/SplitConnectionTool.java
/home/boxl/JHot/AJHotDraw/src/aspects/org/jhotdraw/samples/nothing/NothingApp.java
/home/boxl/JHot/AJHotDraw/src/aspects/org/jhotdraw/standard/TextHolder.java
/home/boxl/JHot/AJHotDraw/src/aspects/org/jhotdraw/ccconcerns/figures/figureselectionobserver/SelectionChangedNotification.aj
/home/boxl/JHot/AJHotDraw/src/aspects/org/jhotdraw/contrib/CompositeFigureCreationTool.java
/home/boxl/JHot/AJHotDraw/src/aspects/org/jhotdraw/standard/PeripheralLocator.java
/home/boxl/JHot/AJHotDraw/src/aspects/org/jhotdraw/contrib/dnd/DNDFiguresTransferable.java
/home/boxl/JHot/AJHotDraw/src/aspects/org/jhotdraw/util/UndoableAdapter.java
/home/boxl/JHot/AJHotDraw/src/aspects/org/jhotdraw/figures/LineConnection.java
/home/boxl/JHot/AJHotDraw/src/aspects/org/jhotdraw/contrib/CTXWindowMenu.java
/home/boxl/JHot/AJHotDraw/src/aspects/org/jhotdraw/util/StorageFormatManager.java
/home/boxl/JHot/AJHotDraw/src/aspects/org/jhotdraw/contrib/SplitPaneDrawApplication.java
/home/boxl/JHot/AJHotDraw/src/aspects/org/jhotdraw/ccconcerns/Precedence.aj
/home/boxl/JHot/AJHotDraw/src/aspects/org/jhotdraw/ccconcerns/tools/undo/TextToolUndo.aj
/home/boxl/JHot/AJHotDraw/src/aspects/org/jhotdraw/util/VersionControlStrategy.java
/home/boxl/JHot/AJHotDraw/src/aspects/org/jhotdraw/contrib/DesktopListener.java
/home/boxl/JHot/AJHotDraw/src/aspects/org/jhotdraw/figures/ElbowConnection.java
/home/boxl/JHot/AJHotDraw/src/aspects/org/jhotdraw/standard/LocatorConnector.java
/home/boxl/JHot/AJHotDraw/src/aspects/org/jhotdraw/standard/SelectAreaTracker.java
/home/boxl/JHot/AJHotDraw/src/aspects/org/jhotdraw/standard/FigureChangeAdapter.java
/home/boxl/JHot/AJHotDraw/src/aspects/org/jhotdraw/util/Filler.java
/home/boxl/JHot/AJHotDraw/src/aspects/org/jhotdraw/ccconcerns/figures/figureselectionobserver/FigureSelectionObserverRole.aj
/home/boxl/JHot/AJHotDraw/src/aspects/org/jhotdraw/util/Bounds.java
/home/boxl/JHot/AJHotDraw/src/aspects/org/jhotdraw/contrib/zoom/AreaTracker.java
/home/boxl/JHot/AJHotDraw/src/aspects/org/jhotdraw/samples/javadraw/BouncingDrawing.java
/home/boxl/JHot/AJHotDraw/src/aspects/org/jhotdraw/contrib/html/AbstractContentProducer.java
/home/boxl/JHot/AJHotDraw/src/aspects/org/jhotdraw/contrib/html/ContentProducerContext.java
/home/boxl/JHot/AJHotDraw/src/aspects/org/jhotdraw/figures/LineDecoration.java
/home/boxl/JHot/AJHotDraw/src/aspects/org/jhotdraw/applet/DrawApplet.java
/home/boxl/JHot/AJHotDraw/src/aspects/org/jhotdraw/contrib/html/GeometricFigure.java
/home/boxl/JHot/AJHotDraw/src/aspects/org/jhotdraw/framework/ViewChangeListener.java
/home/boxl/JHot/AJHotDraw/src/aspects/org/jhotdraw/ccconcerns/commands/undo/UndoRedoActivity.aj
/home/boxl/JHot/AJHotDraw/src/aspects/org/jhotdraw/contrib/MiniMapView.java
/home/boxl/JHot/AJHotDraw/src/aspects/org/jhotdraw/util/Command.java
/home/boxl/JHot/AJHotDraw/src/aspects/org/jhotdraw/contrib/zoom/MiniMapZoomableView.java
/home/boxl/JHot/AJHotDraw/src/aspects/org/jhotdraw/standard/SelectAllCommand.java
/home/boxl/JHot/AJHotDraw/src/aspects/org/jhotdraw/framework/DrawingChangeEvent.java
/home/boxl/JHot/AJHotDraw/src/aspects/org/jhotdraw/contrib/DesktopEventService.java
/home/boxl/JHot/AJHotDraw/src/aspects/org/jhotdraw/contrib/html/ResourceContentProducer.java
/home/boxl/JHot/AJHotDraw/src/aspects/org/jhotdraw/figures/AbstractLineDecoration.java
/home/boxl/JHot/AJHotDraw/src/aspects/org/jhotdraw/contrib/StandardLayouter.java
/home/boxl/JHot/AJHotDraw/src/aspects/org/jhotdraw/standard/SendToBackCommand.java
/home/boxl/JHot/AJHotDraw/src/aspects/org/jhotdraw/framework/Handle.java
/home/boxl/JHot/AJHotDraw/src/aspects/org/jhotdraw/standard/StandardDrawing.java
/home/boxl/JHot/AJHotDraw/src/aspects/org/jhotdraw/standard/HandleTracker.java
/home/boxl/JHot/AJHotDraw/src/aspects/org/jhotdraw/samples/javadraw/URLTool.java
/home/boxl/JHot/AJHotDraw/src/aspects/org/jhotdraw/standard/AbstractTool.java
/home/boxl/JHot/AJHotDraw/src/aspects/org/jhotdraw/util/Undoable.java
/home/boxl/JHot/AJHotDraw/src/aspects/org/jhotdraw/contrib/html/AttributeFigureContentProducer.java
/home/boxl/JHot/AJHotDraw/src/aspects/org/jhotdraw/framework/HandleEnumeration.java
/home/boxl/JHot/AJHotDraw/src/aspects/org/jhotdraw/util/Iconkit.java
/home/boxl/JHot/AJHotDraw/src/aspects/org/jhotdraw/standard/ToggleGridCommand.java
/home/boxl/JHot/AJHotDraw/src/aspects/org/jhotdraw/contrib/PolygonHandle.java
/home/boxl/JHot/AJHotDraw/src/aspects/org/jhotdraw/contrib/FloatingTextArea.java
/home/boxl/JHot/AJHotDraw/src/aspects/org/jhotdraw/standard/DragTracker.java
/home/boxl/JHot/AJHotDraw/src/aspects/org/jhotdraw/standard/AbstractConnector.java
/home/boxl/JHot/AJHotDraw/src/aspects/org/jhotdraw/ccconcerns/util/tracing/SimpleTracer.aj
/home/boxl/JHot/AJHotDraw/src/aspects/org/jhotdraw/contrib/PolygonFigure.java
/home/boxl/JHot/AJHotDraw/src/aspects/org/jhotdraw/contrib/zoom/ZoomCommand.java
/home/boxl/JHot/AJHotDraw/src/aspects/org/jhotdraw/contrib/html/DisposableResourceHolder.java
/home/boxl/JHot/AJHotDraw/src/aspects/org/jhotdraw/util/CommandMenu.java
/home/boxl/JHot/AJHotDraw/src/aspects/org/jhotdraw/figures/InsertImageCommand.java
/home/boxl/JHot/AJHotDraw/src/aspects/org/jhotdraw/contrib/html/HTMLTextAreaFigure.java
/home/boxl/JHot/AJHotDraw/src/aspects/org/jhotdraw/util/RedoCommand.java
/home/boxl/JHot/AJHotDraw/src/aspects/org/jhotdraw/util/StandardVersionControlStrategy.java
/home/boxl/JHot/AJHotDraw/src/aspects/org/jhotdraw/contrib/html/ResourceManagerNotSetException.java
/home/boxl/JHot/AJHotDraw/src/aspects/org/jhotdraw/framework/Locator.java
/home/boxl/JHot/AJHotDraw/src/aspects/org/jhotdraw/standard/ActionTool.java
/home/boxl/JHot/AJHotDraw/src/aspects/org/jhotdraw/standard/ChopBoxConnector.java
/home/boxl/JHot/AJHotDraw/src/aspects/org/jhotdraw/contrib/SVGDrawApp.java
/home/boxl/JHot/AJHotDraw/src/aspects/org/jhotdraw/ccconcerns/figures/persistence/PersistentTextFigure.aj
/home/boxl/JHot/AJHotDraw/src/aspects/org/jhotdraw/util/CommandButton.java
/home/boxl/JHot/AJHotDraw/src/aspects/org/jhotdraw/figures/ConnectedTextTool.java
/home/boxl/JHot/AJHotDraw/src/aspects/org/jhotdraw/ccconcerns/figures/persistence/IOExceptionHandling.aj
/home/boxl/JHot/AJHotDraw/src/aspects/org/jhotdraw/contrib/dnd/DNDHelper.java
/home/boxl/JHot/AJHotDraw/src/aspects/org/jhotdraw/samples/javadraw/Animator.java
/home/boxl/JHot/AJHotDraw/src/aspects/org/jhotdraw/util/ColorMap.java
/home/boxl/JHot/AJHotDraw/src/aspects/org/jhotdraw/figures/EllipseFigure.java
/home/boxl/JHot/AJHotDraw/src/aspects/org/jhotdraw/ccconcerns/GenericRole.java
/home/boxl/JHot/AJHotDraw/src/aspects/org/jhotdraw/samples/javadraw/JavaDrawViewer.java
/home/boxl/JHot/AJHotDraw/src/aspects/org/jhotdraw/contrib/TextAreaTool.java
/home/boxl/JHot/AJHotDraw/src/aspects/org/jhotdraw/figures/NumberTextFigure.java
/home/boxl/JHot/AJHotDraw/src/aspects/org/jhotdraw/contrib/WindowMenu.java
/home/boxl/JHot/AJHotDraw/src/aspects/org/jhotdraw/figures/AttributeFigure.java
/home/boxl/JHot/AJHotDraw/src/aspects/org/jhotdraw/standard/DuplicateCommand.java
/home/boxl/JHot/AJHotDraw/src/aspects/org/jhotdraw/figures/TextFigure.java
/home/boxl/JHot/AJHotDraw/src/aspects/org/jhotdraw/contrib/html/FigureContentProducerContext.java
/home/boxl/JHot/AJHotDraw/src/aspects/org/jhotdraw/contrib/JScrollPaneDesktop.java
/home/boxl/JHot/AJHotDraw/src/aspects/org/jhotdraw/framework/Tool.java
/home/boxl/JHot/AJHotDraw/src/aspects/org/jhotdraw/standard/StandardFigureSelection.java
/home/boxl/JHot/AJHotDraw/src/aspects/org/jhotdraw/util/PaletteButton.java
/home/boxl/JHot/AJHotDraw/src/aspects/org/jhotdraw/standard/SelectionTool.java
/home/boxl/JHot/AJHotDraw/src/aspects/org/jhotdraw/contrib/zoom/DoubleBufferImage.java
/home/boxl/JHot/AJHotDraw/src/aspects/org/jhotdraw/samples/net/NodeFigure.java
/home/boxl/JHot/AJHotDraw/src/aspects/org/jhotdraw/framework/Painter.java
/home/boxl/JHot/AJHotDraw/src/aspects/org/jhotdraw/framework/ConnectionFigure.java
/home/boxl/JHot/AJHotDraw/src/aspects/org/jhotdraw/standard/CopyCommand.java
/home/boxl/JHot/AJHotDraw/src/aspects/org/jhotdraw/ccconcerns/figures/persistence/SerializableImplementation.aj
/home/boxl/JHot/AJHotDraw/src/aspects/org/jhotdraw/standard/QuadTree.java
/home/boxl/JHot/AJHotDraw/src/aspects/org/jhotdraw/util/VersionRequester.java
/home/boxl/JHot/AJHotDraw/src/aspects/org/jhotdraw/util/VersionManagement.java
/home/boxl/JHot/AJHotDraw/src/aspects/org/jhotdraw/figures/GroupHandle.java
/home/boxl/JHot/AJHotDraw/src/aspects/org/jhotdraw/samples/javadraw/PatternPainter.java
/home/boxl/JHot/AJHotDraw/src/aspects/org/jhotdraw/contrib/zoom/ZoomDrawingView.java
/home/boxl/JHot/AJHotDraw/src/aspects/org/jhotdraw/contrib/Layouter.java
/home/boxl/JHot/AJHotDraw/src/aspects/org/jhotdraw/util/Storable.java
/home/boxl/JHot/AJHotDraw/src/aspects/org/jhotdraw/framework/Drawing.java
/home/boxl/JHot/AJHotDraw/src/aspects/org/jhotdraw/figures/ElbowHandle.java
/home/boxl/JHot/AJHotDraw/src/aspects/org/jhotdraw/ccconcerns/figures/persistence/PersistentLineDecorations.aj
/home/boxl/JHot/AJHotDraw/src/aspects/org/jhotdraw/util/PaletteListener.java
/home/boxl/JHot/AJHotDraw/src/aspects/org/jhotdraw/util/FloatingTextField.java
/home/boxl/JHot/AJHotDraw/src/aspects/org/jhotdraw/ccconcerns/commands/undo/DuplicateCommandUndo.aj
/home/boxl/JHot/AJHotDraw/src/aspects/org/jhotdraw/contrib/html/HTMLLayouter.java
/home/boxl/JHot/AJHotDraw/src/aspects/org/jhotdraw/framework/FigureChangeListener.java
/home/boxl/JHot/AJHotDraw/src/aspects/org/jhotdraw/figures/UngroupCommand.java
/home/boxl/JHot/AJHotDraw/src/aspects/org/jhotdraw/samples/minimap/MiniMapApplication.java
/home/boxl/JHot/AJHotDraw/src/aspects/org/jhotdraw/standard/BringToFrontCommand.java
/home/boxl/JHot/AJHotDraw/src/aspects/org/jhotdraw/samples/javadraw/AnimationDecorator.java
/home/boxl/JHot/AJHotDraw/src/aspects/org/jhotdraw/standard/DeleteFromDrawingVisitor.java
/home/boxl/JHot/AJHotDraw/src/aspects/org/jhotdraw/framework/FigureEnumeration.java
/home/boxl/JHot/AJHotDraw/src/aspects/org/jhotdraw/figures/RadiusHandle.java
/home/boxl/JHot/AJHotDraw/src/aspects/org/jhotdraw/contrib/MDI_DrawApplication.java
/home/boxl/JHot/AJHotDraw/src/aspects/org/jhotdraw/contrib/dnd/DNDFigures.java
/home/boxl/JHot/AJHotDraw/src/aspects/org/jhotdraw/util/UndoableCommand.java
/home/boxl/JHot/AJHotDraw/src/aspects/org/jhotdraw/figures/ArrowTip.java
/home/boxl/JHot/AJHotDraw/src/aspects/org/jhotdraw/ccconcerns/commands/undo/GroupCommandUndo.aj
/home/boxl/JHot/AJHotDraw/src/aspects/org/jhotdraw/util/collections/jdk11/CollectionsFactoryJDK11.java
/home/boxl/JHot/AJHotDraw/src/aspects/org/jhotdraw/contrib/CommandHolder.java
/home/boxl/JHot/AJHotDraw/src/aspects/org/jhotdraw/framework/FigureSelectionListener.java
/home/boxl/JHot/AJHotDraw/src/aspects/org/jhotdraw/ccconcerns/commands/undo/CutCommandUndo.aj
/home/boxl/JHot/AJHotDraw/src/aspects/org/jhotdraw/contrib/CustomSelectionTool.java
/home/boxl/JHot/AJHotDraw/src/aspects/org/jhotdraw/contrib/zoom/ScalingGraphics.java
/home/boxl/JHot/AJHotDraw/src/aspects/org/jhotdraw/contrib/Desktop.java
/home/boxl/JHot/AJHotDraw/src/aspects/org/jhotdraw/standard/FigureAndEnumerator.java
/home/boxl/JHot/AJHotDraw/src/aspects/org/jhotdraw/framework/Cursor.java
/home/boxl/JHot/AJHotDraw/src/aspects/org/jhotdraw/util/UndoRedoActivity.java
/home/boxl/JHot/AJHotDraw/src/aspects/org/jhotdraw/contrib/ComponentFigure.java
/home/boxl/JHot/AJHotDraw/src/aspects/org/jhotdraw/standard/LocatorHandle.java
/home/boxl/JHot/AJHotDraw/src/aspects/org/jhotdraw/standard/DeleteCommand.java
/home/boxl/JHot/AJHotDraw/src/aspects/org/jhotdraw/contrib/html/ContentProducerRegistry.java
/home/boxl/JHot/AJHotDraw/src/aspects/org/jhotdraw/contrib/TriangleFigure.java
/home/boxl/JHot/AJHotDraw/src/aspects/org/jhotdraw/ccconcerns/figures/persistence/PersistentDecoratorFigure.aj
/home/boxl/JHot/AJHotDraw/src/aspects/org/jhotdraw/figures/NullFigure.java
/home/boxl/JHot/AJHotDraw/src/aspects/org/jhotdraw/contrib/html/DiamondFigureGeometricAdapter.java
/home/boxl/JHot/AJHotDraw/src/aspects/org/jhotdraw/contrib/dnd/JHDDropTargetListener.java
/home/boxl/JHot/AJHotDraw/src/aspects/org/jhotdraw/standard/SimpleUpdateStrategy.java
/home/boxl/JHot/AJHotDraw/src/aspects/org/jhotdraw/figures/PolyLineLocator.java
/home/boxl/JHot/AJHotDraw/src/aspects/org/jhotdraw/standard/AbstractLocator.java
/home/boxl/JHot/AJHotDraw/src/aspects/org/jhotdraw/ccconcerns/tools/undo/TextAreaToolUndo.aj
/home/boxl/JHot/AJHotDraw/src/aspects/org/jhotdraw/standard/ChangeConnectionEndHandle.java
/home/boxl/JHot/AJHotDraw/src/aspects/org/jhotdraw/contrib/CustomToolBar.java
/home/boxl/JHot/AJHotDraw/src/aspects/org/jhotdraw/standard/NullHandle.java
/home/boxl/JHot/AJHotDraw/src/aspects/org/jhotdraw/util/CollectionsFactory.java
/home/boxl/JHot/AJHotDraw/src/aspects/org/jhotdraw/ccconcerns/figures/persistence/PersistentCompositeFigure.aj
/home/boxl/JHot/AJHotDraw/src/aspects/org/jhotdraw/contrib/html/PolygonFigureGeometricAdapter.java
/home/boxl/JHot/AJHotDraw/src/aspects/org/jhotdraw/standard/HandleAndEnumerator.java
/home/boxl/JHot/AJHotDraw/src/aspects/org/jhotdraw/contrib/html/RoundRectangleGeometricAdapter.java
/home/boxl/JHot/AJHotDraw/src/aspects/org/jhotdraw/figures/RectangleFigure.java
/home/boxl/JHot/AJHotDraw/src/aspects/org/jhotdraw/ccconcerns/commands/CommandObserver.aj
/home/boxl/JHot/AJHotDraw/src/aspects/org/jhotdraw/standard/AlignCommand.java
/home/boxl/JHot/AJHotDraw/src/aspects/org/jhotdraw/samples/net/NetApp.java
/home/boxl/JHot/AJHotDraw/src/aspects/org/jhotdraw/util/collections/jdk11/ListWrapper.java
/home/boxl/JHot/AJHotDraw/src/aspects/org/jhotdraw/ccconcerns/commands/undo/DeleteCommandUndo.aj
/home/boxl/JHot/AJHotDraw/src/aspects/org/jhotdraw/util/collections/jdk11/MapWrapper.java
/home/boxl/JHot/AJHotDraw/src/aspects/org/jhotdraw/contrib/PolygonTool.java
/home/boxl/JHot/AJHotDraw/src/aspects/org/jhotdraw/samples/javadraw/FollowURLTool.java
/home/boxl/JHot/AJHotDraw/src/aspects/org/jhotdraw/contrib/CommandCheckBoxMenuItem.java
/home/boxl/JHot/AJHotDraw/src/aspects/org/jhotdraw/framework/FigureSelection.java
/home/boxl/JHot/AJHotDraw/src/aspects/org/jhotdraw/standard/FigureTransferCommand.java
/home/boxl/JHot/AJHotDraw/src/aspects/org/jhotdraw/figures/LineFigure.java
/home/boxl/JHot/AJHotDraw/src/aspects/org/jhotdraw/ccconcerns/commands/undo/BringToFrontCommandUndo.aj
/home/boxl/JHot/AJHotDraw/src/aspects/org/jhotdraw/contrib/CommandMenuItem.java
/home/boxl/JHot/AJHotDraw/src/aspects/org/jhotdraw/contrib/html/HTMLContentProducerContext.java
/home/boxl/JHot/AJHotDraw/src/aspects/org/jhotdraw/contrib/NestedCreationTool.java
/home/boxl/JHot/AJHotDraw/src/aspects/org/jhotdraw/contrib/zoom/ZoomTool.java
/home/boxl/JHot/AJHotDraw/src/aspects/org/jhotdraw/contrib/SVGStorageFormat.java
/home/boxl/JHot/AJHotDraw/src/aspects/org/jhotdraw/standard/ConnectionTool.java
/home/boxl/JHot/AJHotDraw/src/aspects/org/jhotdraw/figures/ImageFigure.java
/home/boxl/JHot/AJHotDraw/src/aspects/org/jhotdraw/util/StandardStorageFormat.java
/home/boxl/JHot/AJHotDraw/src/aspects/org/jhotdraw/standard/BufferedUpdateStrategy.java
/home/boxl/JHot/AJHotDraw/src/aspects/org/jhotdraw/standard/HandleEnumerator.java
/home/boxl/JHot/AJHotDraw/src/aspects/org/jhotdraw/framework/Connector.java
/home/boxl/JHot/AJHotDraw/src/aspects/org/jhotdraw/figures/BorderTool.java
/home/boxl/JHot/AJHotDraw/src/aspects/org/jhotdraw/ccconcerns/commands/ObservableUndoableCommand.aj
/home/boxl/JHot/AJHotDraw/src/aspects/org/jhotdraw/util/GraphLayout.java
/home/boxl/JHot/AJHotDraw/src/aspects/org/jhotdraw/ccconcerns/figures/persistence/PersistentContentProducers.aj
/home/boxl/JHot/AJHotDraw/src/aspects/org/jhotdraw/contrib/GraphicalCompositeFigure.java
/home/boxl/JHot/AJHotDraw/src/aspects/org/jhotdraw/contrib/zoom/ZoomUpdateStrategy.java
/home/boxl/JHot/AJHotDraw/src/aspects/org/jhotdraw/samples/javadraw/JavaDrawApp.java
/home/boxl/JHot/AJHotDraw/src/aspects/org/jhotdraw/contrib/html/ETSLADisposalStrategy.java
